[2020-08-24 17:55:23]--[src_cgi/login_cgi.c:288]--buf = {
    "pwd": "e10adc3949ba59abbe56e057f20f883e",
    "user": "ccy"
}

[2020-08-24 17:55:23]--[src_cgi/login_cgi.c:294]--user = ccy, pwd = e10adc3949ba59abbe56e057f20f883e
[2020-08-24 17:55:23]--[src_cgi/login_cgi.c:101]--mysql_user = root, mysql_pwd = 123456, mysql_db = cloud_disk
[2020-08-24 17:55:23]--[src_cgi/login_cgi.c:161]--redis:[ip=127.0.0.1,port=6379]
[2020-08-24 17:55:23]--[src_cgi/login_cgi.c:185]--tmp = ccy203355937590
[2020-08-24 17:55:23]--[src_cgi/login_cgi.c:201]--base64 = 6ZTNKmlozewY25h7dqYvRQ==
[2020-08-24 17:55:23]--[src_cgi/login_cgi.c:303]--token = 9c340c6bafc2f4faddd0d785dc4f576d
[2020-08-24 18:15:25]--[src_cgi/login_cgi.c:288]--buf = {
    "pwd": "e10adc3949ba59abbe56e057f20f883e",
    "user": "ccy"
}

[2020-08-24 18:15:25]--[src_cgi/login_cgi.c:294]--user = ccy, pwd = e10adc3949ba59abbe56e057f20f883e
[2020-08-24 18:15:25]--[src_cgi/login_cgi.c:101]--mysql_user = root, mysql_pwd = 123456, mysql_db = cloud_disk
[2020-08-24 18:15:25]--[src_cgi/login_cgi.c:161]--redis:[ip=127.0.0.1,port=6379]
[2020-08-24 18:15:25]--[src_cgi/login_cgi.c:185]--tmp = ccy78681314688
[2020-08-24 18:15:25]--[src_cgi/login_cgi.c:201]--base64 = 5WrvfxxsVi9hjNtJoT8Dnw==
[2020-08-24 18:15:25]--[src_cgi/login_cgi.c:303]--token = 95ed90e51b11ed4eb5821fb7c8ace830
[2020-08-24 18:16:16]--[src_cgi/login_cgi.c:288]--buf = {
    "pwd": "e10adc3949ba59abbe56e057f20f883e",
    "user": "ccy"
}

[2020-08-24 18:16:16]--[src_cgi/login_cgi.c:294]--user = ccy, pwd = e10adc3949ba59abbe56e057f20f883e
[2020-08-24 18:16:16]--[src_cgi/login_cgi.c:101]--mysql_user = root, mysql_pwd = 123456, mysql_db = cloud_disk
[2020-08-24 18:16:17]--[src_cgi/login_cgi.c:161]--redis:[ip=127.0.0.1,port=6379]
[2020-08-24 18:16:17]--[src_cgi/login_cgi.c:185]--tmp = ccy473425918377
[2020-08-24 18:16:17]--[src_cgi/login_cgi.c:201]--base64 = kmqK9vfA6GKb7d81R2GMyQ==
[2020-08-24 18:16:17]--[src_cgi/login_cgi.c:303]--token = 4a1f03efd0601012a51cbbd1f44ae797
[2020-08-24 18:16:48]--[src_cgi/login_cgi.c:288]--buf = {
    "pwd": "e10adc3949ba59abbe56e057f20f883e",
    "user": "ccy"
}

[2020-08-24 18:16:48]--[src_cgi/login_cgi.c:294]--user = ccy, pwd = e10adc3949ba59abbe56e057f20f883e
[2020-08-24 18:16:48]--[src_cgi/login_cgi.c:101]--mysql_user = root, mysql_pwd = 123456, mysql_db = cloud_disk
[2020-08-24 18:16:48]--[src_cgi/login_cgi.c:161]--redis:[ip=127.0.0.1,port=6379]
[2020-08-24 18:16:48]--[src_cgi/login_cgi.c:185]--tmp = ccy689992338240
[2020-08-24 18:16:48]--[src_cgi/login_cgi.c:201]--base64 = sc+04lSAxExfO5A0/jtR7w==
[2020-08-24 18:16:48]--[src_cgi/login_cgi.c:303]--token = e5f6d0ca75e9ad15fa75e878a4198193
