[2020-08-26 02:54:22]--[src_cgi/login_cgi.c:288]--buf = {
    "pwd": "e10adc3949ba59abbe56e057f20f883e",
    "user": "ccy"
}

[2020-08-26 02:54:22]--[src_cgi/login_cgi.c:294]--user = ccy, pwd = e10adc3949ba59abbe56e057f20f883e
[2020-08-26 02:54:22]--[src_cgi/login_cgi.c:101]--mysql_user = root, mysql_pwd = 123456, mysql_db = cloud_disk
[2020-08-26 02:54:23]--[src_cgi/login_cgi.c:161]--redis:[ip=127.0.0.1,port=6379]
[2020-08-26 02:54:23]--[src_cgi/login_cgi.c:185]--tmp = ccy32763301532
[2020-08-26 02:54:23]--[src_cgi/login_cgi.c:201]--base64 = XlWU6QN2g55WB4MMXX2Nkg==
[2020-08-26 02:54:23]--[src_cgi/login_cgi.c:303]--token = a8719b6b3e843b089e3e946ddb860430
[2020-08-26 02:56:08]--[src_cgi/login_cgi.c:288]--buf = {
    "pwd": "e10adc3949ba59abbe56e057f20f883e",
    "user": "ccy"
}

[2020-08-26 02:56:08]--[src_cgi/login_cgi.c:294]--user = ccy, pwd = e10adc3949ba59abbe56e057f20f883e
[2020-08-26 02:56:08]--[src_cgi/login_cgi.c:101]--mysql_user = root, mysql_pwd = 123456, mysql_db = cloud_disk
[2020-08-26 02:56:08]--[src_cgi/login_cgi.c:161]--redis:[ip=127.0.0.1,port=6379]
[2020-08-26 02:56:08]--[src_cgi/login_cgi.c:185]--tmp = ccy963933476853
[2020-08-26 02:56:08]--[src_cgi/login_cgi.c:201]--base64 = p+dzJKActV8fI9jWarYOFA==
[2020-08-26 02:56:08]--[src_cgi/login_cgi.c:303]--token = c6f778c4890d8f247f651642d0cdde52
[2020-08-26 02:59:57]--[src_cgi/login_cgi.c:288]--buf = {
    "pwd": "e10adc3949ba59abbe56e057f20f883e",
    "user": "ccy"
}

[2020-08-26 02:59:57]--[src_cgi/login_cgi.c:294]--user = ccy, pwd = e10adc3949ba59abbe56e057f20f883e
[2020-08-26 02:59:57]--[src_cgi/login_cgi.c:101]--mysql_user = root, mysql_pwd = 123456, mysql_db = cloud_disk
[2020-08-26 02:59:57]--[src_cgi/login_cgi.c:161]--redis:[ip=127.0.0.1,port=6379]
[2020-08-26 02:59:57]--[src_cgi/login_cgi.c:185]--tmp = ccy916559124611
[2020-08-26 02:59:57]--[src_cgi/login_cgi.c:201]--base64 = 46pgTMJmPuwFTttt4yxUKQ==
[2020-08-26 02:59:57]--[src_cgi/login_cgi.c:303]--token = 3484388aa0d3f82a84779465fd63f370
[2020-08-26 11:20:32]--[src_cgi/login_cgi.c:288]--buf = {
    "pwd": "e10adc3949ba59abbe56e057f20f883e",
    "user": "ccy"
}

[2020-08-26 11:20:32]--[src_cgi/login_cgi.c:294]--user = ccy, pwd = e10adc3949ba59abbe56e057f20f883e
[2020-08-26 11:20:32]--[src_cgi/login_cgi.c:101]--mysql_user = root, mysql_pwd = 123456, mysql_db = cloud_disk
[2020-08-26 11:20:33]--[src_cgi/login_cgi.c:161]--redis:[ip=127.0.0.1,port=6379]
[2020-08-26 11:20:33]--[src_cgi/login_cgi.c:185]--tmp = ccy878916222258
[2020-08-26 11:20:33]--[src_cgi/login_cgi.c:201]--base64 = jeQ5D/YHWBhqdhyJPP06Gg==
[2020-08-26 11:20:33]--[src_cgi/login_cgi.c:303]--token = 2a5ff100514c4cc605b0425773347421
[2020-08-26 23:04:56]--[src_cgi/login_cgi.c:288]--buf = {
    "pwd": "e10adc3949ba59abbe56e057f20f883e",
    "user": "ccy"
}

[2020-08-26 23:04:56]--[src_cgi/login_cgi.c:294]--user = ccy, pwd = e10adc3949ba59abbe56e057f20f883e
[2020-08-26 23:04:56]--[src_cgi/login_cgi.c:101]--mysql_user = root, mysql_pwd = 123456, mysql_db = cloud_disk
[2020-08-26 23:04:57]--[src_cgi/login_cgi.c:161]--redis:[ip=127.0.0.1,port=6379]
[2020-08-26 23:04:57]--[src_cgi/login_cgi.c:185]--tmp = ccy582516401395
[2020-08-26 23:04:57]--[src_cgi/login_cgi.c:201]--base64 = eH/4OWeN7rkCipi7xMr1Xg==
[2020-08-26 23:04:57]--[src_cgi/login_cgi.c:303]--token = 41eb52f53ef544ba63c775a7f0ba7023
