[2020-08-23 21:35:22]--[src_cgi/login_cgi.c:288]--buf = {
    "pwd": "e10adc3949ba59abbe56e057f20f883e",
    "user": "mike"
}

[2020-08-23 21:35:22]--[src_cgi/login_cgi.c:294]--user = mike, pwd = e10adc3949ba59abbe56e057f20f883e
[2020-08-23 21:35:22]--[src_cgi/login_cgi.c:101]--mysql_user = root, mysql_pwd = 123456, mysql_db = cloud_disk
[2020-08-23 21:35:43]--[src_cgi/login_cgi.c:288]--buf = {
    "pwd": "e10adc3949ba59abbe56e057f20f883e",
    "user": "mike"
}

[2020-08-23 21:35:43]--[src_cgi/login_cgi.c:294]--user = mike, pwd = e10adc3949ba59abbe56e057f20f883e
[2020-08-23 21:35:43]--[src_cgi/login_cgi.c:101]--mysql_user = root, mysql_pwd = 123456, mysql_db = cloud_disk
[2020-08-23 21:38:00]--[src_cgi/login_cgi.c:288]--buf = {
    "pwd": "e10adc3949ba59abbe56e057f20f883e",
    "user": "ccy"
}

[2020-08-23 21:38:00]--[src_cgi/login_cgi.c:294]--user = ccy, pwd = e10adc3949ba59abbe56e057f20f883e
[2020-08-23 21:38:00]--[src_cgi/login_cgi.c:101]--mysql_user = root, mysql_pwd = 123456, mysql_db = cloud_disk
[2020-08-23 21:38:06]--[src_cgi/login_cgi.c:288]--buf = {
    "pwd": "e10adc3949ba59abbe56e057f20f883e",
    "user": "mike"
}

[2020-08-23 21:38:06]--[src_cgi/login_cgi.c:294]--user = mike, pwd = e10adc3949ba59abbe56e057f20f883e
[2020-08-23 21:38:06]--[src_cgi/login_cgi.c:101]--mysql_user = root, mysql_pwd = 123456, mysql_db = cloud_disk
[2020-08-23 21:38:40]--[src_cgi/login_cgi.c:288]--buf = {
    "pwd": "e10adc3949ba59abbe56e057f20f883e",
    "user": "ccy"
}

[2020-08-23 21:38:40]--[src_cgi/login_cgi.c:294]--user = ccy, pwd = e10adc3949ba59abbe56e057f20f883e
[2020-08-23 21:38:40]--[src_cgi/login_cgi.c:101]--mysql_user = root, mysql_pwd = 123456, mysql_db = cloud_disk
[2020-08-23 21:38:40]--[src_cgi/login_cgi.c:161]--redis:[ip=127.0.0.1,port=6379]
[2020-08-23 21:38:40]--[src_cgi/login_cgi.c:185]--tmp = ccy81917881732
[2020-08-23 21:38:40]--[src_cgi/login_cgi.c:201]--base64 = 8F0pE2FsxzDgGAxHCjc7tA==
[2020-08-23 21:38:40]--[src_cgi/login_cgi.c:303]--token = 0d9c09146847d19c36304535b35026f5
[2020-08-23 21:38:52]--[src_cgi/login_cgi.c:288]--buf = {
    "pwd": "e10adc3949ba59abbe56e057f20f883e",
    "user": "mike"
}

[2020-08-23 21:38:52]--[src_cgi/login_cgi.c:294]--user = mike, pwd = e10adc3949ba59abbe56e057f20f883e
[2020-08-23 21:38:52]--[src_cgi/login_cgi.c:101]--mysql_user = root, mysql_pwd = 123456, mysql_db = cloud_disk
