[2020-08-31 16:42:06]--[src_cgi/login_cgi.c:288]--buf = {
    "pwd": "e10adc3949ba59abbe56e057f20f883e",
    "user": "ccy"
}

[2020-08-31 16:42:06]--[src_cgi/login_cgi.c:294]--user = ccy, pwd = e10adc3949ba59abbe56e057f20f883e
[2020-08-31 16:42:06]--[src_cgi/login_cgi.c:101]--mysql_user = root, mysql_pwd = 123456, mysql_db = cloud_disk
[2020-08-31 16:42:07]--[src_cgi/login_cgi.c:161]--redis:[ip=127.0.0.1,port=6379]
[2020-08-31 16:42:07]--[src_cgi/login_cgi.c:185]--tmp = ccy385435258362
[2020-08-31 16:42:07]--[src_cgi/login_cgi.c:201]--base64 = A0+5ObZn4dbqFdq9+FZzlw==
[2020-08-31 16:42:07]--[src_cgi/login_cgi.c:303]--token = a1210e3d13c5f5d428c2f2b2a015871e
[2020-08-31 16:49:16]--[src_cgi/login_cgi.c:288]--buf = {
    "pwd": "e10adc3949ba59abbe56e057f20f883e",
    "user": "ccy"
}

[2020-08-31 16:49:16]--[src_cgi/login_cgi.c:294]--user = ccy, pwd = e10adc3949ba59abbe56e057f20f883e
[2020-08-31 16:49:16]--[src_cgi/login_cgi.c:101]--mysql_user = root, mysql_pwd = 123456, mysql_db = cloud_disk
[2020-08-31 16:49:16]--[src_cgi/login_cgi.c:161]--redis:[ip=127.0.0.1,port=6379]
[2020-08-31 16:49:16]--[src_cgi/login_cgi.c:185]--tmp = ccy541223717256
[2020-08-31 16:49:16]--[src_cgi/login_cgi.c:201]--base64 = XMg/FArmyBMa73TyvYysyg==
[2020-08-31 16:49:16]--[src_cgi/login_cgi.c:303]--token = bc3e31d6880e885f4b25e0b0de56c51f
[2020-08-31 16:50:46]--[src_cgi/login_cgi.c:288]--buf = {
    "pwd": "e10adc3949ba59abbe56e057f20f883e",
    "user": "ccy"
}

[2020-08-31 16:50:46]--[src_cgi/login_cgi.c:294]--user = ccy, pwd = e10adc3949ba59abbe56e057f20f883e
[2020-08-31 16:50:46]--[src_cgi/login_cgi.c:101]--mysql_user = root, mysql_pwd = 123456, mysql_db = cloud_disk
[2020-08-31 16:50:46]--[src_cgi/login_cgi.c:161]--redis:[ip=127.0.0.1,port=6379]
[2020-08-31 16:50:46]--[src_cgi/login_cgi.c:185]--tmp = ccy681762605454
[2020-08-31 16:50:46]--[src_cgi/login_cgi.c:201]--base64 = G+rO/JW23/b5OBN3yE3J/g==
[2020-08-31 16:50:46]--[src_cgi/login_cgi.c:303]--token = c332fe0210277160d6ae6bf8a26afe7e
[2020-08-31 17:02:32]--[src_cgi/login_cgi.c:288]--buf = {
    "pwd": "e10adc3949ba59abbe56e057f20f883e",
    "user": "ccy"
}

[2020-08-31 17:02:32]--[src_cgi/login_cgi.c:294]--user = ccy, pwd = e10adc3949ba59abbe56e057f20f883e
[2020-08-31 17:02:32]--[src_cgi/login_cgi.c:101]--mysql_user = root, mysql_pwd = 123456, mysql_db = cloud_disk
[2020-08-31 17:02:32]--[src_cgi/login_cgi.c:161]--redis:[ip=127.0.0.1,port=6379]
[2020-08-31 17:02:32]--[src_cgi/login_cgi.c:185]--tmp = ccy237569455792
[2020-08-31 17:02:32]--[src_cgi/login_cgi.c:201]--base64 = 0QVLT/OmzkXMSlve7kKWFQ==
[2020-08-31 17:02:32]--[src_cgi/login_cgi.c:303]--token = 0b4c52dfb5e047aad8992b58f2b90391
[2020-08-31 17:03:52]--[src_cgi/login_cgi.c:288]--buf = {
    "pwd": "e10adc3949ba59abbe56e057f20f883e",
    "user": "ccy"
}

[2020-08-31 17:03:52]--[src_cgi/login_cgi.c:294]--user = ccy, pwd = e10adc3949ba59abbe56e057f20f883e
[2020-08-31 17:03:52]--[src_cgi/login_cgi.c:101]--mysql_user = root, mysql_pwd = 123456, mysql_db = cloud_disk
[2020-08-31 17:03:52]--[src_cgi/login_cgi.c:161]--redis:[ip=127.0.0.1,port=6379]
[2020-08-31 17:03:52]--[src_cgi/login_cgi.c:185]--tmp = ccy455853126481
[2020-08-31 17:03:52]--[src_cgi/login_cgi.c:201]--base64 = REGLmWXm/gR/PvgPsMBoIA==
[2020-08-31 17:03:52]--[src_cgi/login_cgi.c:303]--token = 1b2e452d3f19c5909f9434df9d765c77
[2020-08-31 17:08:52]--[src_cgi/login_cgi.c:288]--buf = {
    "pwd": "e10adc3949ba59abbe56e057f20f883e",
    "user": "ccy"
}

[2020-08-31 17:08:52]--[src_cgi/login_cgi.c:294]--user = ccy, pwd = e10adc3949ba59abbe56e057f20f883e
[2020-08-31 17:08:52]--[src_cgi/login_cgi.c:101]--mysql_user = root, mysql_pwd = 123456, mysql_db = cloud_disk
[2020-08-31 17:08:52]--[src_cgi/login_cgi.c:161]--redis:[ip=127.0.0.1,port=6379]
[2020-08-31 17:08:52]--[src_cgi/login_cgi.c:185]--tmp = ccy350963832663
[2020-08-31 17:08:52]--[src_cgi/login_cgi.c:201]--base64 = y2p8zd+c5Sab3hfuaTuehA==
[2020-08-31 17:08:52]--[src_cgi/login_cgi.c:303]--token = 6b78b6b5bb12bd0ca6e70f5fb71a78c5
[2020-08-31 17:23:03]--[src_cgi/login_cgi.c:288]--buf = {
    "pwd": "e10adc3949ba59abbe56e057f20f883e",
    "user": "ccy"
}

[2020-08-31 17:23:03]--[src_cgi/login_cgi.c:294]--user = ccy, pwd = e10adc3949ba59abbe56e057f20f883e
[2020-08-31 17:23:03]--[src_cgi/login_cgi.c:101]--mysql_user = root, mysql_pwd = 123456, mysql_db = cloud_disk
[2020-08-31 17:23:03]--[src_cgi/login_cgi.c:161]--redis:[ip=127.0.0.1,port=6379]
[2020-08-31 17:23:03]--[src_cgi/login_cgi.c:185]--tmp = ccy538213203135
[2020-08-31 17:23:03]--[src_cgi/login_cgi.c:201]--base64 = 3w4Tky4vHeqV20xeeEWhxg==
[2020-08-31 17:23:03]--[src_cgi/login_cgi.c:303]--token = e9bec1a1c5d46caeca39177f2d311631
[2020-08-31 17:25:45]--[src_cgi/login_cgi.c:288]--buf = {
    "pwd": "e10adc3949ba59abbe56e057f20f883e",
    "user": "ccy"
}

[2020-08-31 17:25:45]--[src_cgi/login_cgi.c:294]--user = ccy, pwd = e10adc3949ba59abbe56e057f20f883e
[2020-08-31 17:25:45]--[src_cgi/login_cgi.c:101]--mysql_user = root, mysql_pwd = 123456, mysql_db = cloud_disk
[2020-08-31 17:25:45]--[src_cgi/login_cgi.c:161]--redis:[ip=127.0.0.1,port=6379]
[2020-08-31 17:25:45]--[src_cgi/login_cgi.c:185]--tmp = ccy705423342373
[2020-08-31 17:25:45]--[src_cgi/login_cgi.c:201]--base64 = eFJ6reco+NSelvb4fEh3Fg==
[2020-08-31 17:25:45]--[src_cgi/login_cgi.c:303]--token = b7dc595f158867b934c210a12dfbd67b
