[2020-08-31 16:36:55]--[src_cgi/myfiles_cgi.c:40]--mysql:[user=root,pwd=123456,database=cloud_disk][2020-08-31 16:50:46]--[src_cgi/myfiles_cgi.c:496]--cmd = count
[2020-08-31 16:50:46]--[src_cgi/myfiles_cgi.c:528]--buf = {
    "token": "c332fe0210277160d6ae6bf8a26afe7e",
    "user": "ccy"
}

[2020-08-31 16:50:46]--[src_cgi/myfiles_cgi.c:164]--select count from user_file_count where user="ccy" 操作失败
[2020-08-31 16:50:46]--[src_cgi/myfiles_cgi.c:176]--line = 0
[2020-08-31 16:51:09]--[src_cgi/myfiles_cgi.c:496]--cmd = count
[2020-08-31 16:51:09]--[src_cgi/myfiles_cgi.c:528]--buf = {
    "token": "c332fe0210277160d6ae6bf8a26afe7e",
    "user": "ccy"
}

[2020-08-31 16:51:09]--[src_cgi/myfiles_cgi.c:176]--line = 1
[2020-08-31 16:51:09]--[src_cgi/myfiles_cgi.c:496]--cmd = normal
[2020-08-31 16:51:09]--[src_cgi/myfiles_cgi.c:528]--buf = {
    "count": 1,
    "start": 0,
    "token": "c332fe0210277160d6ae6bf8a26afe7e",
    "user": "ccy"
}

[2020-08-31 16:51:09]--[src_cgi/myfiles_cgi.c:548]--user = ccy, token = c332fe0210277160d6ae6bf8a26afe7e, start = 0, count = 1
[2020-08-31 16:51:09]--[src_cgi/myfiles_cgi.c:306]--select user_file_list.*, file_info.url, file_info.size, file_info.type from file_info, user_file_list where user = 'ccy' and file_info.md5 = user_file_list.md5 limit 0, 1 在操作
[2020-08-31 16:51:09]--[src_cgi/myfiles_cgi.c:428]--{
	"files":	[{
			"user":	"ccy",
			"md5":	"b5b5b6a7fa9a41c30439edd3eebf3cba",
			"time":	"2020-08-31 16:51:05",
			"filename":	"1-140926150215.jpg",
			"share_status":	0,
			"pv":	0,
			"url":	"http://192.168.29.139:8080/group1/M00/00/00/wKgdi19MufmAO6ynAAWm833fNpE747.jpg",
			"size":	370419,
			"type":	"jpg"
		}]
}
[2020-08-31 17:02:32]--[src_cgi/myfiles_cgi.c:496]--cmd = count
[2020-08-31 17:02:32]--[src_cgi/myfiles_cgi.c:528]--buf = {
    "token": "0b4c52dfb5e047aad8992b58f2b90391",
    "user": "ccy"
}

[2020-08-31 17:02:32]--[src_cgi/myfiles_cgi.c:176]--line = 1
[2020-08-31 17:02:32]--[src_cgi/myfiles_cgi.c:496]--cmd = normal
[2020-08-31 17:02:32]--[src_cgi/myfiles_cgi.c:528]--buf = {
    "count": 1,
    "start": 0,
    "token": "0b4c52dfb5e047aad8992b58f2b90391",
    "user": "ccy"
}

[2020-08-31 17:02:32]--[src_cgi/myfiles_cgi.c:548]--user = ccy, token = 0b4c52dfb5e047aad8992b58f2b90391, start = 0, count = 1
[2020-08-31 17:02:32]--[src_cgi/myfiles_cgi.c:306]--select user_file_list.*, file_info.url, file_info.size, file_info.type from file_info, user_file_list where user = 'ccy' and file_info.md5 = user_file_list.md5 limit 0, 1 在操作
[2020-08-31 17:02:32]--[src_cgi/myfiles_cgi.c:428]--{
	"files":	[{
			"user":	"ccy",
			"md5":	"b5b5b6a7fa9a41c30439edd3eebf3cba",
			"time":	"2020-08-31 16:51:05",
			"filename":	"1-140926150215.jpg",
			"share_status":	0,
			"pv":	0,
			"url":	"http://192.168.29.139:8080/group1/M00/00/00/wKgdi19MufmAO6ynAAWm833fNpE747.jpg",
			"size":	370419,
			"type":	"jpg"
		}]
}
[2020-08-31 17:03:52]--[src_cgi/myfiles_cgi.c:496]--cmd = count
[2020-08-31 17:03:52]--[src_cgi/myfiles_cgi.c:528]--buf = {
    "token": "1b2e452d3f19c5909f9434df9d765c77",
    "user": "ccy"
}

[2020-08-31 17:03:52]--[src_cgi/myfiles_cgi.c:176]--line = 1
[2020-08-31 17:03:53]--[src_cgi/myfiles_cgi.c:496]--cmd = normal
[2020-08-31 17:03:53]--[src_cgi/myfiles_cgi.c:528]--buf = {
    "count": 1,
    "start": 0,
    "token": "1b2e452d3f19c5909f9434df9d765c77",
    "user": "ccy"
}

[2020-08-31 17:03:53]--[src_cgi/myfiles_cgi.c:548]--user = ccy, token = 1b2e452d3f19c5909f9434df9d765c77, start = 0, count = 1
[2020-08-31 17:03:53]--[src_cgi/myfiles_cgi.c:306]--select user_file_list.*, file_info.url, file_info.size, file_info.type from file_info, user_file_list where user = 'ccy' and file_info.md5 = user_file_list.md5 limit 0, 1 在操作
[2020-08-31 17:03:53]--[src_cgi/myfiles_cgi.c:428]--{
	"files":	[{
			"user":	"ccy",
			"md5":	"b5b5b6a7fa9a41c30439edd3eebf3cba",
			"time":	"2020-08-31 16:51:05",
			"filename":	"1-140926150215.jpg",
			"share_status":	0,
			"pv":	0,
			"url":	"http://192.168.29.139:8080/group1/M00/00/00/wKgdi19MufmAO6ynAAWm833fNpE747.jpg",
			"size":	370419,
			"type":	"jpg"
		}]
}
[2020-08-31 17:04:06]--[src_cgi/myfiles_cgi.c:496]--cmd = count
[2020-08-31 17:04:06]--[src_cgi/myfiles_cgi.c:528]--buf = {
    "token": "1b2e452d3f19c5909f9434df9d765c77",
    "user": "ccy"
}

[2020-08-31 17:04:06]--[src_cgi/myfiles_cgi.c:176]--line = 1
[2020-08-31 17:04:06]--[src_cgi/myfiles_cgi.c:496]--cmd = normal
[2020-08-31 17:04:06]--[src_cgi/myfiles_cgi.c:528]--buf = {
    "count": 1,
    "start": 0,
    "token": "1b2e452d3f19c5909f9434df9d765c77",
    "user": "ccy"
}

[2020-08-31 17:04:06]--[src_cgi/myfiles_cgi.c:548]--user = ccy, token = 1b2e452d3f19c5909f9434df9d765c77, start = 0, count = 1
[2020-08-31 17:04:06]--[src_cgi/myfiles_cgi.c:306]--select user_file_list.*, file_info.url, file_info.size, file_info.type from file_info, user_file_list where user = 'ccy' and file_info.md5 = user_file_list.md5 limit 0, 1 在操作
[2020-08-31 17:04:06]--[src_cgi/myfiles_cgi.c:428]--{
	"files":	[{
			"user":	"ccy",
			"md5":	"b5b5b6a7fa9a41c30439edd3eebf3cba",
			"time":	"2020-08-31 16:51:05",
			"filename":	"1-140926150215.jpg",
			"share_status":	0,
			"pv":	0,
			"url":	"http://192.168.29.139:8080/group1/M00/00/00/wKgdi19MufmAO6ynAAWm833fNpE747.jpg",
			"size":	370419,
			"type":	"jpg"
		}]
}
[2020-08-31 17:08:52]--[src_cgi/myfiles_cgi.c:496]--cmd = count
[2020-08-31 17:08:52]--[src_cgi/myfiles_cgi.c:528]--buf = {
    "token": "6b78b6b5bb12bd0ca6e70f5fb71a78c5",
    "user": "ccy"
}

[2020-08-31 17:08:52]--[src_cgi/myfiles_cgi.c:176]--line = 1
[2020-08-31 17:08:52]--[src_cgi/myfiles_cgi.c:496]--cmd = normal
[2020-08-31 17:08:52]--[src_cgi/myfiles_cgi.c:528]--buf = {
    "count": 1,
    "start": 0,
    "token": "6b78b6b5bb12bd0ca6e70f5fb71a78c5",
    "user": "ccy"
}

[2020-08-31 17:08:52]--[src_cgi/myfiles_cgi.c:548]--user = ccy, token = 6b78b6b5bb12bd0ca6e70f5fb71a78c5, start = 0, count = 1
[2020-08-31 17:08:52]--[src_cgi/myfiles_cgi.c:306]--select user_file_list.*, file_info.url, file_info.size, file_info.type from file_info, user_file_list where user = 'ccy' and file_info.md5 = user_file_list.md5 limit 0, 1 在操作
[2020-08-31 17:08:52]--[src_cgi/myfiles_cgi.c:428]--{
	"files":	[{
			"user":	"ccy",
			"md5":	"b5b5b6a7fa9a41c30439edd3eebf3cba",
			"time":	"2020-08-31 16:51:05",
			"filename":	"1-140926150215.jpg",
			"share_status":	0,
			"pv":	0,
			"url":	"http://192.168.29.139:8080/group1/M00/00/00/wKgdi19MufmAO6ynAAWm833fNpE747.jpg",
			"size":	370419,
			"type":	"jpg"
		}]
}
[2020-08-31 17:09:22]--[src_cgi/myfiles_cgi.c:496]--cmd = count
[2020-08-31 17:09:22]--[src_cgi/myfiles_cgi.c:528]--buf = {
    "token": "6b78b6b5bb12bd0ca6e70f5fb71a78c5",
    "user": "ccy"
}

[2020-08-31 17:09:22]--[src_cgi/myfiles_cgi.c:176]--line = 1
[2020-08-31 17:09:22]--[src_cgi/myfiles_cgi.c:496]--cmd = normal
[2020-08-31 17:09:22]--[src_cgi/myfiles_cgi.c:528]--buf = {
    "count": 1,
    "start": 0,
    "token": "6b78b6b5bb12bd0ca6e70f5fb71a78c5",
    "user": "ccy"
}

[2020-08-31 17:09:22]--[src_cgi/myfiles_cgi.c:548]--user = ccy, token = 6b78b6b5bb12bd0ca6e70f5fb71a78c5, start = 0, count = 1
[2020-08-31 17:09:22]--[src_cgi/myfiles_cgi.c:306]--select user_file_list.*, file_info.url, file_info.size, file_info.type from file_info, user_file_list where user = 'ccy' and file_info.md5 = user_file_list.md5 limit 0, 1 在操作
[2020-08-31 17:09:22]--[src_cgi/myfiles_cgi.c:428]--{
	"files":	[{
			"user":	"ccy",
			"md5":	"b5b5b6a7fa9a41c30439edd3eebf3cba",
			"time":	"2020-08-31 16:51:05",
			"filename":	"1-140926150215.jpg",
			"share_status":	0,
			"pv":	0,
			"url":	"http://192.168.29.139:8080/group1/M00/00/00/wKgdi19MufmAO6ynAAWm833fNpE747.jpg",
			"size":	370419,
			"type":	"jpg"
		}]
}
[2020-08-31 17:11:14]--[src_cgi/myfiles_cgi.c:496]--cmd = count
[2020-08-31 17:11:14]--[src_cgi/myfiles_cgi.c:528]--buf = {
    "token": "6b78b6b5bb12bd0ca6e70f5fb71a78c5",
    "user": "ccy"
}

[2020-08-31 17:11:14]--[src_cgi/myfiles_cgi.c:176]--line = 1
[2020-08-31 17:11:14]--[src_cgi/myfiles_cgi.c:496]--cmd = normal
[2020-08-31 17:11:14]--[src_cgi/myfiles_cgi.c:528]--buf = {
    "count": 1,
    "start": 0,
    "token": "6b78b6b5bb12bd0ca6e70f5fb71a78c5",
    "user": "ccy"
}

[2020-08-31 17:11:14]--[src_cgi/myfiles_cgi.c:548]--user = ccy, token = 6b78b6b5bb12bd0ca6e70f5fb71a78c5, start = 0, count = 1
[2020-08-31 17:11:14]--[src_cgi/myfiles_cgi.c:306]--select user_file_list.*, file_info.url, file_info.size, file_info.type from file_info, user_file_list where user = 'ccy' and file_info.md5 = user_file_list.md5 limit 0, 1 在操作
[2020-08-31 17:11:14]--[src_cgi/myfiles_cgi.c:428]--{
	"files":	[{
			"user":	"ccy",
			"md5":	"b5b5b6a7fa9a41c30439edd3eebf3cba",
			"time":	"2020-08-31 16:51:05",
			"filename":	"1-140926150215.jpg",
			"share_status":	0,
			"pv":	0,
			"url":	"http://192.168.29.139:8080/group1/M00/00/00/wKgdi19MufmAO6ynAAWm833fNpE747.jpg",
			"size":	370419,
			"type":	"jpg"
		}]
}
[2020-08-31 17:11:41]--[src_cgi/myfiles_cgi.c:496]--cmd = count
[2020-08-31 17:11:41]--[src_cgi/myfiles_cgi.c:528]--buf = {
    "token": "6b78b6b5bb12bd0ca6e70f5fb71a78c5",
    "user": "ccy"
}

[2020-08-31 17:11:41]--[src_cgi/myfiles_cgi.c:176]--line = 2
[2020-08-31 17:11:41]--[src_cgi/myfiles_cgi.c:496]--cmd = normal
[2020-08-31 17:11:41]--[src_cgi/myfiles_cgi.c:528]--buf = {
    "count": 2,
    "start": 0,
    "token": "6b78b6b5bb12bd0ca6e70f5fb71a78c5",
    "user": "ccy"
}

[2020-08-31 17:11:41]--[src_cgi/myfiles_cgi.c:548]--user = ccy, token = 6b78b6b5bb12bd0ca6e70f5fb71a78c5, start = 0, count = 2
[2020-08-31 17:11:41]--[src_cgi/myfiles_cgi.c:306]--select user_file_list.*, file_info.url, file_info.size, file_info.type from file_info, user_file_list where user = 'ccy' and file_info.md5 = user_file_list.md5 limit 0, 2 在操作
[2020-08-31 17:11:41]--[src_cgi/myfiles_cgi.c:428]--{
	"files":	[{
			"user":	"ccy",
			"md5":	"b5b5b6a7fa9a41c30439edd3eebf3cba",
			"time":	"2020-08-31 16:51:05",
			"filename":	"1-140926150215.jpg",
			"share_status":	0,
			"pv":	0,
			"url":	"http://192.168.29.139:8080/group1/M00/00/00/wKgdi19MufmAO6ynAAWm833fNpE747.jpg",
			"size":	370419,
			"type":	"jpg"
		}, {
			"user":	"ccy",
			"md5":	"d06ca606531dd369b2d9ffb838ee1613",
			"time":	"2020-08-31 17:11:23",
			"filename":	"0d338744ebf81a4c6313c116d52a6059242da6cf.jpg",
			"share_status":	0,
			"pv":	0,
			"url":	"http://192.168.29.139:8080/group1/M00/00/00/wKgdi19MvruAbl14AAMZrkyWeyY168.jpg",
			"size":	203182,
			"type":	"jpg"
		}]
}
[2020-08-31 17:11:58]--[src_cgi/myfiles_cgi.c:496]--cmd = count
[2020-08-31 17:11:58]--[src_cgi/myfiles_cgi.c:528]--buf = {
    "token": "6b78b6b5bb12bd0ca6e70f5fb71a78c5",
    "user": "ccy"
}

[2020-08-31 17:11:58]--[src_cgi/myfiles_cgi.c:176]--line = 2
[2020-08-31 17:11:58]--[src_cgi/myfiles_cgi.c:496]--cmd = normal
[2020-08-31 17:11:58]--[src_cgi/myfiles_cgi.c:528]--buf = {
    "count": 2,
    "start": 0,
    "token": "6b78b6b5bb12bd0ca6e70f5fb71a78c5",
    "user": "ccy"
}

[2020-08-31 17:11:58]--[src_cgi/myfiles_cgi.c:548]--user = ccy, token = 6b78b6b5bb12bd0ca6e70f5fb71a78c5, start = 0, count = 2
[2020-08-31 17:11:58]--[src_cgi/myfiles_cgi.c:306]--select user_file_list.*, file_info.url, file_info.size, file_info.type from file_info, user_file_list where user = 'ccy' and file_info.md5 = user_file_list.md5 limit 0, 2 在操作
[2020-08-31 17:11:58]--[src_cgi/myfiles_cgi.c:428]--{
	"files":	[{
			"user":	"ccy",
			"md5":	"b5b5b6a7fa9a41c30439edd3eebf3cba",
			"time":	"2020-08-31 16:51:05",
			"filename":	"1-140926150215.jpg",
			"share_status":	0,
			"pv":	0,
			"url":	"http://192.168.29.139:8080/group1/M00/00/00/wKgdi19MufmAO6ynAAWm833fNpE747.jpg",
			"size":	370419,
			"type":	"jpg"
		}, {
			"user":	"ccy",
			"md5":	"d06ca606531dd369b2d9ffb838ee1613",
			"time":	"2020-08-31 17:11:23",
			"filename":	"0d338744ebf81a4c6313c116d52a6059242da6cf.jpg",
			"share_status":	0,
			"pv":	0,
			"url":	"http://192.168.29.139:8080/group1/M00/00/00/wKgdi19MvruAbl14AAMZrkyWeyY168.jpg",
			"size":	203182,
			"type":	"jpg"
		}]
}
[2020-08-31 17:12:12]--[src_cgi/myfiles_cgi.c:496]--cmd = count
[2020-08-31 17:12:12]--[src_cgi/myfiles_cgi.c:528]--buf = {
    "token": "6b78b6b5bb12bd0ca6e70f5fb71a78c5",
    "user": "ccy"
}

[2020-08-31 17:12:12]--[src_cgi/myfiles_cgi.c:176]--line = 2
[2020-08-31 17:12:12]--[src_cgi/myfiles_cgi.c:496]--cmd = normal
[2020-08-31 17:12:12]--[src_cgi/myfiles_cgi.c:528]--buf = {
    "count": 2,
    "start": 0,
    "token": "6b78b6b5bb12bd0ca6e70f5fb71a78c5",
    "user": "ccy"
}

[2020-08-31 17:12:12]--[src_cgi/myfiles_cgi.c:548]--user = ccy, token = 6b78b6b5bb12bd0ca6e70f5fb71a78c5, start = 0, count = 2
[2020-08-31 17:12:12]--[src_cgi/myfiles_cgi.c:306]--select user_file_list.*, file_info.url, file_info.size, file_info.type from file_info, user_file_list where user = 'ccy' and file_info.md5 = user_file_list.md5 limit 0, 2 在操作
[2020-08-31 17:12:12]--[src_cgi/myfiles_cgi.c:428]--{
	"files":	[{
			"user":	"ccy",
			"md5":	"b5b5b6a7fa9a41c30439edd3eebf3cba",
			"time":	"2020-08-31 16:51:05",
			"filename":	"1-140926150215.jpg",
			"share_status":	0,
			"pv":	0,
			"url":	"http://192.168.29.139:8080/group1/M00/00/00/wKgdi19MufmAO6ynAAWm833fNpE747.jpg",
			"size":	370419,
			"type":	"jpg"
		}, {
			"user":	"ccy",
			"md5":	"d06ca606531dd369b2d9ffb838ee1613",
			"time":	"2020-08-31 17:11:23",
			"filename":	"0d338744ebf81a4c6313c116d52a6059242da6cf.jpg",
			"share_status":	0,
			"pv":	1,
			"url":	"http://192.168.29.139:8080/group1/M00/00/00/wKgdi19MvruAbl14AAMZrkyWeyY168.jpg",
			"size":	203182,
			"type":	"jpg"
		}]
}
[2020-08-31 17:12:20]--[src_cgi/myfiles_cgi.c:496]--cmd = count
[2020-08-31 17:12:20]--[src_cgi/myfiles_cgi.c:528]--buf = {
    "token": "6b78b6b5bb12bd0ca6e70f5fb71a78c5",
    "user": "ccy"
}

[2020-08-31 17:12:20]--[src_cgi/myfiles_cgi.c:176]--line = 2
[2020-08-31 17:12:20]--[src_cgi/myfiles_cgi.c:496]--cmd = normal
[2020-08-31 17:12:20]--[src_cgi/myfiles_cgi.c:528]--buf = {
    "count": 2,
    "start": 0,
    "token": "6b78b6b5bb12bd0ca6e70f5fb71a78c5",
    "user": "ccy"
}

[2020-08-31 17:12:20]--[src_cgi/myfiles_cgi.c:548]--user = ccy, token = 6b78b6b5bb12bd0ca6e70f5fb71a78c5, start = 0, count = 2
[2020-08-31 17:12:20]--[src_cgi/myfiles_cgi.c:306]--select user_file_list.*, file_info.url, file_info.size, file_info.type from file_info, user_file_list where user = 'ccy' and file_info.md5 = user_file_list.md5 limit 0, 2 在操作
[2020-08-31 17:12:20]--[src_cgi/myfiles_cgi.c:428]--{
	"files":	[{
			"user":	"ccy",
			"md5":	"b5b5b6a7fa9a41c30439edd3eebf3cba",
			"time":	"2020-08-31 16:51:05",
			"filename":	"1-140926150215.jpg",
			"share_status":	0,
			"pv":	0,
			"url":	"http://192.168.29.139:8080/group1/M00/00/00/wKgdi19MufmAO6ynAAWm833fNpE747.jpg",
			"size":	370419,
			"type":	"jpg"
		}, {
			"user":	"ccy",
			"md5":	"d06ca606531dd369b2d9ffb838ee1613",
			"time":	"2020-08-31 17:11:23",
			"filename":	"0d338744ebf81a4c6313c116d52a6059242da6cf.jpg",
			"share_status":	0,
			"pv":	1,
			"url":	"http://192.168.29.139:8080/group1/M00/00/00/wKgdi19MvruAbl14AAMZrkyWeyY168.jpg",
			"size":	203182,
			"type":	"jpg"
		}]
}
[2020-08-31 17:12:35]--[src_cgi/myfiles_cgi.c:496]--cmd = count
[2020-08-31 17:12:35]--[src_cgi/myfiles_cgi.c:528]--buf = {
    "token": "6b78b6b5bb12bd0ca6e70f5fb71a78c5",
    "user": "ccy"
}

[2020-08-31 17:12:35]--[src_cgi/myfiles_cgi.c:176]--line = 2
[2020-08-31 17:12:35]--[src_cgi/myfiles_cgi.c:496]--cmd = normal
[2020-08-31 17:12:35]--[src_cgi/myfiles_cgi.c:528]--buf = {
    "count": 2,
    "start": 0,
    "token": "6b78b6b5bb12bd0ca6e70f5fb71a78c5",
    "user": "ccy"
}

[2020-08-31 17:12:35]--[src_cgi/myfiles_cgi.c:548]--user = ccy, token = 6b78b6b5bb12bd0ca6e70f5fb71a78c5, start = 0, count = 2
[2020-08-31 17:12:35]--[src_cgi/myfiles_cgi.c:306]--select user_file_list.*, file_info.url, file_info.size, file_info.type from file_info, user_file_list where user = 'ccy' and file_info.md5 = user_file_list.md5 limit 0, 2 在操作
[2020-08-31 17:12:35]--[src_cgi/myfiles_cgi.c:428]--{
	"files":	[{
			"user":	"ccy",
			"md5":	"b5b5b6a7fa9a41c30439edd3eebf3cba",
			"time":	"2020-08-31 16:51:05",
			"filename":	"1-140926150215.jpg",
			"share_status":	0,
			"pv":	0,
			"url":	"http://192.168.29.139:8080/group1/M00/00/00/wKgdi19MufmAO6ynAAWm833fNpE747.jpg",
			"size":	370419,
			"type":	"jpg"
		}, {
			"user":	"ccy",
			"md5":	"d06ca606531dd369b2d9ffb838ee1613",
			"time":	"2020-08-31 17:11:23",
			"filename":	"0d338744ebf81a4c6313c116d52a6059242da6cf.jpg",
			"share_status":	1,
			"pv":	1,
			"url":	"http://192.168.29.139:8080/group1/M00/00/00/wKgdi19MvruAbl14AAMZrkyWeyY168.jpg",
			"size":	203182,
			"type":	"jpg"
		}]
}
[2020-08-31 17:12:37]--[src_cgi/myfiles_cgi.c:496]--cmd = count
[2020-08-31 17:12:37]--[src_cgi/myfiles_cgi.c:528]--buf = {
    "token": "6b78b6b5bb12bd0ca6e70f5fb71a78c5",
    "user": "ccy"
}

[2020-08-31 17:12:37]--[src_cgi/myfiles_cgi.c:176]--line = 2
[2020-08-31 17:12:37]--[src_cgi/myfiles_cgi.c:496]--cmd = normal
[2020-08-31 17:12:37]--[src_cgi/myfiles_cgi.c:528]--buf = {
    "count": 2,
    "start": 0,
    "token": "6b78b6b5bb12bd0ca6e70f5fb71a78c5",
    "user": "ccy"
}

[2020-08-31 17:12:37]--[src_cgi/myfiles_cgi.c:548]--user = ccy, token = 6b78b6b5bb12bd0ca6e70f5fb71a78c5, start = 0, count = 2
[2020-08-31 17:12:37]--[src_cgi/myfiles_cgi.c:306]--select user_file_list.*, file_info.url, file_info.size, file_info.type from file_info, user_file_list where user = 'ccy' and file_info.md5 = user_file_list.md5 limit 0, 2 在操作
[2020-08-31 17:12:37]--[src_cgi/myfiles_cgi.c:428]--{
	"files":	[{
			"user":	"ccy",
			"md5":	"b5b5b6a7fa9a41c30439edd3eebf3cba",
			"time":	"2020-08-31 16:51:05",
			"filename":	"1-140926150215.jpg",
			"share_status":	0,
			"pv":	0,
			"url":	"http://192.168.29.139:8080/group1/M00/00/00/wKgdi19MufmAO6ynAAWm833fNpE747.jpg",
			"size":	370419,
			"type":	"jpg"
		}, {
			"user":	"ccy",
			"md5":	"d06ca606531dd369b2d9ffb838ee1613",
			"time":	"2020-08-31 17:11:23",
			"filename":	"0d338744ebf81a4c6313c116d52a6059242da6cf.jpg",
			"share_status":	1,
			"pv":	1,
			"url":	"http://192.168.29.139:8080/group1/M00/00/00/wKgdi19MvruAbl14AAMZrkyWeyY168.jpg",
			"size":	203182,
			"type":	"jpg"
		}]
}
[2020-08-31 17:12:39]--[src_cgi/myfiles_cgi.c:496]--cmd = count
[2020-08-31 17:12:39]--[src_cgi/myfiles_cgi.c:528]--buf = {
    "token": "6b78b6b5bb12bd0ca6e70f5fb71a78c5",
    "user": "ccy"
}

[2020-08-31 17:12:39]--[src_cgi/myfiles_cgi.c:176]--line = 2
[2020-08-31 17:12:39]--[src_cgi/myfiles_cgi.c:496]--cmd = normal
[2020-08-31 17:12:39]--[src_cgi/myfiles_cgi.c:528]--buf = {
    "count": 2,
    "start": 0,
    "token": "6b78b6b5bb12bd0ca6e70f5fb71a78c5",
    "user": "ccy"
}

[2020-08-31 17:12:39]--[src_cgi/myfiles_cgi.c:548]--user = ccy, token = 6b78b6b5bb12bd0ca6e70f5fb71a78c5, start = 0, count = 2
[2020-08-31 17:12:39]--[src_cgi/myfiles_cgi.c:306]--select user_file_list.*, file_info.url, file_info.size, file_info.type from file_info, user_file_list where user = 'ccy' and file_info.md5 = user_file_list.md5 limit 0, 2 在操作
[2020-08-31 17:12:39]--[src_cgi/myfiles_cgi.c:428]--{
	"files":	[{
			"user":	"ccy",
			"md5":	"b5b5b6a7fa9a41c30439edd3eebf3cba",
			"time":	"2020-08-31 16:51:05",
			"filename":	"1-140926150215.jpg",
			"share_status":	0,
			"pv":	0,
			"url":	"http://192.168.29.139:8080/group1/M00/00/00/wKgdi19MufmAO6ynAAWm833fNpE747.jpg",
			"size":	370419,
			"type":	"jpg"
		}, {
			"user":	"ccy",
			"md5":	"d06ca606531dd369b2d9ffb838ee1613",
			"time":	"2020-08-31 17:11:23",
			"filename":	"0d338744ebf81a4c6313c116d52a6059242da6cf.jpg",
			"share_status":	1,
			"pv":	1,
			"url":	"http://192.168.29.139:8080/group1/M00/00/00/wKgdi19MvruAbl14AAMZrkyWeyY168.jpg",
			"size":	203182,
			"type":	"jpg"
		}]
}
[2020-08-31 17:12:41]--[src_cgi/myfiles_cgi.c:496]--cmd = count
[2020-08-31 17:12:41]--[src_cgi/myfiles_cgi.c:528]--buf = {
    "token": "6b78b6b5bb12bd0ca6e70f5fb71a78c5",
    "user": "ccy"
}

[2020-08-31 17:12:41]--[src_cgi/myfiles_cgi.c:176]--line = 2
[2020-08-31 17:12:41]--[src_cgi/myfiles_cgi.c:496]--cmd = pvdesc
[2020-08-31 17:12:41]--[src_cgi/myfiles_cgi.c:528]--buf = {
    "count": 2,
    "start": 0,
    "token": "6b78b6b5bb12bd0ca6e70f5fb71a78c5",
    "user": "ccy"
}

[2020-08-31 17:12:41]--[src_cgi/myfiles_cgi.c:548]--user = ccy, token = 6b78b6b5bb12bd0ca6e70f5fb71a78c5, start = 0, count = 2
[2020-08-31 17:12:41]--[src_cgi/myfiles_cgi.c:306]--select user_file_list.*, file_info.url, file_info.size, file_info.type from file_info, user_file_list where user = 'ccy' and file_info.md5 = user_file_list.md5 order by pv desc limit 0, 2 在操作
[2020-08-31 17:12:41]--[src_cgi/myfiles_cgi.c:428]--{
	"files":	[{
			"user":	"ccy",
			"md5":	"d06ca606531dd369b2d9ffb838ee1613",
			"time":	"2020-08-31 17:11:23",
			"filename":	"0d338744ebf81a4c6313c116d52a6059242da6cf.jpg",
			"share_status":	1,
			"pv":	1,
			"url":	"http://192.168.29.139:8080/group1/M00/00/00/wKgdi19MvruAbl14AAMZrkyWeyY168.jpg",
			"size":	203182,
			"type":	"jpg"
		}, {
			"user":	"ccy",
			"md5":	"b5b5b6a7fa9a41c30439edd3eebf3cba",
			"time":	"2020-08-31 16:51:05",
			"filename":	"1-140926150215.jpg",
			"share_status":	0,
			"pv":	0,
			"url":	"http://192.168.29.139:8080/group1/M00/00/00/wKgdi19MufmAO6ynAAWm833fNpE747.jpg",
			"size":	370419,
			"type":	"jpg"
		}]
}
[2020-08-31 17:12:42]--[src_cgi/myfiles_cgi.c:496]--cmd = count
[2020-08-31 17:12:42]--[src_cgi/myfiles_cgi.c:528]--buf = {
    "token": "6b78b6b5bb12bd0ca6e70f5fb71a78c5",
    "user": "ccy"
}

[2020-08-31 17:12:42]--[src_cgi/myfiles_cgi.c:176]--line = 2
[2020-08-31 17:12:42]--[src_cgi/myfiles_cgi.c:496]--cmd = 
[2020-08-31 17:12:42]--[src_cgi/myfiles_cgi.c:528]--buf = {
    "count": 2,
    "start": 0,
    "token": "6b78b6b5bb12bd0ca6e70f5fb71a78c5",
    "user": "ccy"
}

[2020-08-31 17:12:42]--[src_cgi/myfiles_cgi.c:548]--user = ccy, token = 6b78b6b5bb12bd0ca6e70f5fb71a78c5, start = 0, count = 2
[2020-08-31 17:12:42]--[src_cgi/myfiles_cgi.c:306]-- 在操作
[2020-08-31 17:12:42]--[src_cgi/myfiles_cgi.c:310]-- 操作失败：Query was empty
[2020-08-31 17:12:49]--[src_cgi/myfiles_cgi.c:496]--cmd = count
[2020-08-31 17:12:49]--[src_cgi/myfiles_cgi.c:528]--buf = {
    "token": "6b78b6b5bb12bd0ca6e70f5fb71a78c5",
    "user": "ccy"
}

[2020-08-31 17:12:49]--[src_cgi/myfiles_cgi.c:176]--line = 2
[2020-08-31 17:12:49]--[src_cgi/myfiles_cgi.c:496]--cmd = normal
[2020-08-31 17:12:49]--[src_cgi/myfiles_cgi.c:528]--buf = {
    "count": 2,
    "start": 0,
    "token": "6b78b6b5bb12bd0ca6e70f5fb71a78c5",
    "user": "ccy"
}

[2020-08-31 17:12:49]--[src_cgi/myfiles_cgi.c:548]--user = ccy, token = 6b78b6b5bb12bd0ca6e70f5fb71a78c5, start = 0, count = 2
[2020-08-31 17:12:49]--[src_cgi/myfiles_cgi.c:306]--select user_file_list.*, file_info.url, file_info.size, file_info.type from file_info, user_file_list where user = 'ccy' and file_info.md5 = user_file_list.md5 limit 0, 2 在操作
[2020-08-31 17:12:49]--[src_cgi/myfiles_cgi.c:428]--{
	"files":	[{
			"user":	"ccy",
			"md5":	"b5b5b6a7fa9a41c30439edd3eebf3cba",
			"time":	"2020-08-31 16:51:05",
			"filename":	"1-140926150215.jpg",
			"share_status":	0,
			"pv":	0,
			"url":	"http://192.168.29.139:8080/group1/M00/00/00/wKgdi19MufmAO6ynAAWm833fNpE747.jpg",
			"size":	370419,
			"type":	"jpg"
		}, {
			"user":	"ccy",
			"md5":	"d06ca606531dd369b2d9ffb838ee1613",
			"time":	"2020-08-31 17:11:23",
			"filename":	"0d338744ebf81a4c6313c116d52a6059242da6cf.jpg",
			"share_status":	1,
			"pv":	1,
			"url":	"http://192.168.29.139:8080/group1/M00/00/00/wKgdi19MvruAbl14AAMZrkyWeyY168.jpg",
			"size":	203182,
			"type":	"jpg"
		}]
}
[2020-08-31 17:23:03]--[src_cgi/myfiles_cgi.c:496]--cmd = count
[2020-08-31 17:23:03]--[src_cgi/myfiles_cgi.c:528]--buf = {
    "token": "e9bec1a1c5d46caeca39177f2d311631",
    "user": "ccy"
}

[2020-08-31 17:23:03]--[src_cgi/myfiles_cgi.c:176]--line = 2
[2020-08-31 17:23:03]--[src_cgi/myfiles_cgi.c:496]--cmd = normal
[2020-08-31 17:23:03]--[src_cgi/myfiles_cgi.c:528]--buf = {
    "count": 2,
    "start": 0,
    "token": "e9bec1a1c5d46caeca39177f2d311631",
    "user": "ccy"
}

[2020-08-31 17:23:03]--[src_cgi/myfiles_cgi.c:548]--user = ccy, token = e9bec1a1c5d46caeca39177f2d311631, start = 0, count = 2
[2020-08-31 17:23:03]--[src_cgi/myfiles_cgi.c:306]--select user_file_list.*, file_info.url, file_info.size, file_info.type from file_info, user_file_list where user = 'ccy' and file_info.md5 = user_file_list.md5 limit 0, 2 在操作
[2020-08-31 17:23:03]--[src_cgi/myfiles_cgi.c:428]--{
	"files":	[{
			"user":	"ccy",
			"md5":	"b5b5b6a7fa9a41c30439edd3eebf3cba",
			"time":	"2020-08-31 16:51:05",
			"filename":	"1-140926150215.jpg",
			"share_status":	0,
			"pv":	0,
			"url":	"http://192.168.29.139:8080/group1/M00/00/00/wKgdi19MufmAO6ynAAWm833fNpE747.jpg",
			"size":	370419,
			"type":	"jpg"
		}, {
			"user":	"ccy",
			"md5":	"d06ca606531dd369b2d9ffb838ee1613",
			"time":	"2020-08-31 17:11:23",
			"filename":	"0d338744ebf81a4c6313c116d52a6059242da6cf.jpg",
			"share_status":	1,
			"pv":	1,
			"url":	"http://192.168.29.139:8080/group1/M00/00/00/wKgdi19MvruAbl14AAMZrkyWeyY168.jpg",
			"size":	203182,
			"type":	"jpg"
		}]
}
[2020-08-31 17:24:30]--[src_cgi/myfiles_cgi.c:496]--cmd = count
[2020-08-31 17:24:30]--[src_cgi/myfiles_cgi.c:528]--buf = {
    "token": "6b78b6b5bb12bd0ca6e70f5fb71a78c5",
    "user": "ccy"
}

[2020-08-31 17:24:30]--[src_cgi/myfiles_cgi.c:176]--line = 2
[2020-08-31 17:24:30]--[src_cgi/myfiles_cgi.c:496]--cmd = normal
[2020-08-31 17:24:30]--[src_cgi/myfiles_cgi.c:528]--buf = {
    "count": 2,
    "start": 0,
    "token": "6b78b6b5bb12bd0ca6e70f5fb71a78c5",
    "user": "ccy"
}

[2020-08-31 17:24:30]--[src_cgi/myfiles_cgi.c:548]--user = ccy, token = 6b78b6b5bb12bd0ca6e70f5fb71a78c5, start = 0, count = 2
[2020-08-31 17:25:45]--[src_cgi/myfiles_cgi.c:496]--cmd = count
[2020-08-31 17:25:45]--[src_cgi/myfiles_cgi.c:528]--buf = {
    "token": "b7dc595f158867b934c210a12dfbd67b",
    "user": "ccy"
}

[2020-08-31 17:25:45]--[src_cgi/myfiles_cgi.c:176]--line = 2
[2020-08-31 17:25:45]--[src_cgi/myfiles_cgi.c:496]--cmd = normal
[2020-08-31 17:25:45]--[src_cgi/myfiles_cgi.c:528]--buf = {
    "count": 2,
    "start": 0,
    "token": "b7dc595f158867b934c210a12dfbd67b",
    "user": "ccy"
}

[2020-08-31 17:25:45]--[src_cgi/myfiles_cgi.c:548]--user = ccy, token = b7dc595f158867b934c210a12dfbd67b, start = 0, count = 2
[2020-08-31 17:25:45]--[src_cgi/myfiles_cgi.c:306]--select user_file_list.*, file_info.url, file_info.size, file_info.type from file_info, user_file_list where user = 'ccy' and file_info.md5 = user_file_list.md5 limit 0, 2 在操作
[2020-08-31 17:25:45]--[src_cgi/myfiles_cgi.c:428]--{
	"files":	[{
			"user":	"ccy",
			"md5":	"b5b5b6a7fa9a41c30439edd3eebf3cba",
			"time":	"2020-08-31 16:51:05",
			"filename":	"1-140926150215.jpg",
			"share_status":	0,
			"pv":	0,
			"url":	"http://192.168.29.139:8080/group1/M00/00/00/wKgdi19MufmAO6ynAAWm833fNpE747.jpg",
			"size":	370419,
			"type":	"jpg"
		}, {
			"user":	"ccy",
			"md5":	"d06ca606531dd369b2d9ffb838ee1613",
			"time":	"2020-08-31 17:11:23",
			"filename":	"0d338744ebf81a4c6313c116d52a6059242da6cf.jpg",
			"share_status":	1,
			"pv":	1,
			"url":	"http://192.168.29.139:8080/group1/M00/00/00/wKgdi19MvruAbl14AAMZrkyWeyY168.jpg",
			"size":	203182,
			"type":	"jpg"
		}]
}
[2020-08-31 17:30:07]--[src_cgi/myfiles_cgi.c:496]--cmd = count
[2020-08-31 17:30:07]--[src_cgi/myfiles_cgi.c:528]--buf = {
    "token": "b7dc595f158867b934c210a12dfbd67b",
    "user": "ccy"
}

[2020-08-31 17:30:15]--[src_cgi/myfiles_cgi.c:176]--line = 2
[2020-08-31 17:30:15]--[src_cgi/myfiles_cgi.c:496]--cmd = normal
[2020-08-31 17:30:15]--[src_cgi/myfiles_cgi.c:528]--buf = {
    "count": 2,
    "start": 0,
    "token": "b7dc595f158867b934c210a12dfbd67b",
    "user": "ccy"
}

[2020-08-31 17:30:15]--[src_cgi/myfiles_cgi.c:548]--user = ccy, token = b7dc595f158867b934c210a12dfbd67b, start = 0, count = 2
[2020-08-31 17:30:15]--[src_cgi/myfiles_cgi.c:306]--select user_file_list.*, file_info.url, file_info.size, file_info.type from file_info, user_file_list where user = 'ccy' and file_info.md5 = user_file_list.md5 limit 0, 2 在操作
[2020-08-31 17:30:16]--[src_cgi/myfiles_cgi.c:428]--{
	"files":	[{
			"user":	"ccy",
			"md5":	"b5b5b6a7fa9a41c30439edd3eebf3cba",
			"time":	"2020-08-31 16:51:05",
			"filename":	"1-140926150215.jpg",
			"share_status":	0,
			"pv":	0,
			"url":	"http://192.168.29.139:8080/group1/M00/00/00/wKgdi19MufmAO6ynAAWm833fNpE747.jpg",
			"size":	370419,
			"type":	"jpg"
		}, {
			"user":	"ccy",
			"md5":	"d06ca606531dd369b2d9ffb838ee1613",
			"time":	"2020-08-31 17:11:23",
			"filename":	"0d338744ebf81a4c6313c116d52a6059242da6cf.jpg",
			"share_status":	1,
			"pv":	1,
			"url":	"http://192.168.29.139:8080/group1/M00/00/00/wKgdi19MvruAbl14AAMZrkyWeyY168.jpg",
			"size":	203182,
			"type":	"jpg"
		}]
}
[2020-08-31 17:31:03]--[src_cgi/myfiles_cgi.c:496]--cmd = count
[2020-08-31 17:31:04]--[src_cgi/myfiles_cgi.c:528]--buf = {
    "token": "b7dc595f158867b934c210a12dfbd67b",
    "user": "ccy"
}

[2020-08-31 17:31:04]--[src_cgi/myfiles_cgi.c:176]--line = 3
[2020-08-31 17:31:04]--[src_cgi/myfiles_cgi.c:496]--cmd = normal
[2020-08-31 17:31:04]--[src_cgi/myfiles_cgi.c:528]--buf = {
    "count": 3,
    "start": 0,
    "token": "b7dc595f158867b934c210a12dfbd67b",
    "user": "ccy"
}

[2020-08-31 17:31:04]--[src_cgi/myfiles_cgi.c:548]--user = ccy, token = b7dc595f158867b934c210a12dfbd67b, start = 0, count = 3
[2020-08-31 17:31:04]--[src_cgi/myfiles_cgi.c:306]--select user_file_list.*, file_info.url, file_info.size, file_info.type from file_info, user_file_list where user = 'ccy' and file_info.md5 = user_file_list.md5 limit 0, 3 在操作
[2020-08-31 17:31:04]--[src_cgi/myfiles_cgi.c:428]--{
	"files":	[{
			"user":	"ccy",
			"md5":	"b5b5b6a7fa9a41c30439edd3eebf3cba",
			"time":	"2020-08-31 16:51:05",
			"filename":	"1-140926150215.jpg",
			"share_status":	0,
			"pv":	0,
			"url":	"http://192.168.29.139:8080/group1/M00/00/00/wKgdi19MufmAO6ynAAWm833fNpE747.jpg",
			"size":	370419,
			"type":	"jpg"
		}, {
			"user":	"ccy",
			"md5":	"d06ca606531dd369b2d9ffb838ee1613",
			"time":	"2020-08-31 17:11:23",
			"filename":	"0d338744ebf81a4c6313c116d52a6059242da6cf.jpg",
			"share_status":	1,
			"pv":	1,
			"url":	"http://192.168.29.139:8080/group1/M00/00/00/wKgdi19MvruAbl14AAMZrkyWeyY168.jpg",
			"size":	203182,
			"type":	"jpg"
		}, {
			"user":	"ccy",
			"md5":	"d99ccea934ff805502908bad368a5860",
			"time":	"2020-08-31 17:30:52",
			"filename":	"test.mp4",
			"share_status":	0,
			"pv":	0,
			"url":	"http://192.168.29.139:8080/group1/M00/00/00/wKgdi19Mw0uAXMJhUWI-IS8_CpU638.mp4",
			"size":	1365392929,
			"type":	"mp4"
		}]
}
[2020-08-31 17:31:11]--[src_cgi/myfiles_cgi.c:496]--cmd = count
[2020-08-31 17:31:11]--[src_cgi/myfiles_cgi.c:528]--buf = {
    "token": "b7dc595f158867b934c210a12dfbd67b",
    "user": "ccy"
}

[2020-08-31 17:31:11]--[src_cgi/myfiles_cgi.c:176]--line = 3
[2020-08-31 17:31:11]--[src_cgi/myfiles_cgi.c:496]--cmd = normal
[2020-08-31 17:31:11]--[src_cgi/myfiles_cgi.c:528]--buf = {
    "count": 3,
    "start": 0,
    "token": "b7dc595f158867b934c210a12dfbd67b",
    "user": "ccy"
}

[2020-08-31 17:31:11]--[src_cgi/myfiles_cgi.c:548]--user = ccy, token = b7dc595f158867b934c210a12dfbd67b, start = 0, count = 3
[2020-08-31 17:31:11]--[src_cgi/myfiles_cgi.c:306]--select user_file_list.*, file_info.url, file_info.size, file_info.type from file_info, user_file_list where user = 'ccy' and file_info.md5 = user_file_list.md5 limit 0, 3 在操作
[2020-08-31 17:31:11]--[src_cgi/myfiles_cgi.c:428]--{
	"files":	[{
			"user":	"ccy",
			"md5":	"b5b5b6a7fa9a41c30439edd3eebf3cba",
			"time":	"2020-08-31 16:51:05",
			"filename":	"1-140926150215.jpg",
			"share_status":	0,
			"pv":	0,
			"url":	"http://192.168.29.139:8080/group1/M00/00/00/wKgdi19MufmAO6ynAAWm833fNpE747.jpg",
			"size":	370419,
			"type":	"jpg"
		}, {
			"user":	"ccy",
			"md5":	"d06ca606531dd369b2d9ffb838ee1613",
			"time":	"2020-08-31 17:11:23",
			"filename":	"0d338744ebf81a4c6313c116d52a6059242da6cf.jpg",
			"share_status":	1,
			"pv":	1,
			"url":	"http://192.168.29.139:8080/group1/M00/00/00/wKgdi19MvruAbl14AAMZrkyWeyY168.jpg",
			"size":	203182,
			"type":	"jpg"
		}, {
			"user":	"ccy",
			"md5":	"d99ccea934ff805502908bad368a5860",
			"time":	"2020-08-31 17:30:52",
			"filename":	"test.mp4",
			"share_status":	0,
			"pv":	0,
			"url":	"http://192.168.29.139:8080/group1/M00/00/00/wKgdi19Mw0uAXMJhUWI-IS8_CpU638.mp4",
			"size":	1365392929,
			"type":	"mp4"
		}]
}
[2020-08-31 17:42:47]--[src_cgi/myfiles_cgi.c:496]--cmd = count
[2020-08-31 17:42:47]--[src_cgi/myfiles_cgi.c:528]--buf = {
    "token": "b7dc595f158867b934c210a12dfbd67b",
    "user": "ccy"
}

[2020-08-31 17:42:47]--[src_cgi/myfiles_cgi.c:176]--line = 3
[2020-08-31 17:42:47]--[src_cgi/myfiles_cgi.c:496]--cmd = normal
[2020-08-31 17:42:47]--[src_cgi/myfiles_cgi.c:528]--buf = {
    "count": 3,
    "start": 0,
    "token": "b7dc595f158867b934c210a12dfbd67b",
    "user": "ccy"
}

[2020-08-31 17:42:47]--[src_cgi/myfiles_cgi.c:548]--user = ccy, token = b7dc595f158867b934c210a12dfbd67b, start = 0, count = 3
[2020-08-31 17:42:47]--[src_cgi/myfiles_cgi.c:306]--select user_file_list.*, file_info.url, file_info.size, file_info.type from file_info, user_file_list where user = 'ccy' and file_info.md5 = user_file_list.md5 limit 0, 3 在操作
[2020-08-31 17:42:47]--[src_cgi/myfiles_cgi.c:428]--{
	"files":	[{
			"user":	"ccy",
			"md5":	"b5b5b6a7fa9a41c30439edd3eebf3cba",
			"time":	"2020-08-31 16:51:05",
			"filename":	"1-140926150215.jpg",
			"share_status":	0,
			"pv":	0,
			"url":	"http://192.168.29.139:8080/group1/M00/00/00/wKgdi19MufmAO6ynAAWm833fNpE747.jpg",
			"size":	370419,
			"type":	"jpg"
		}, {
			"user":	"ccy",
			"md5":	"d06ca606531dd369b2d9ffb838ee1613",
			"time":	"2020-08-31 17:11:23",
			"filename":	"0d338744ebf81a4c6313c116d52a6059242da6cf.jpg",
			"share_status":	1,
			"pv":	1,
			"url":	"http://192.168.29.139:8080/group1/M00/00/00/wKgdi19MvruAbl14AAMZrkyWeyY168.jpg",
			"size":	203182,
			"type":	"jpg"
		}, {
			"user":	"ccy",
			"md5":	"d99ccea934ff805502908bad368a5860",
			"time":	"2020-08-31 17:30:52",
			"filename":	"test.mp4",
			"share_status":	0,
			"pv":	0,
			"url":	"http://192.168.29.139:8080/group1/M00/00/00/wKgdi19Mw0uAXMJhUWI-IS8_CpU638.mp4",
			"size":	1365392929,
			"type":	"mp4"
		}]
}
