[2020-08-31 16:36:56]--[src_cgi/sharefiles_cgi.c:42]--mysql:[user=root,pwd=123456,database=cloud_disk][2020-08-31 16:36:56]--[src_cgi/sharefiles_cgi.c:47]--redis:[ip=127.0.0.1,port=6379]
[2020-08-31 16:42:13]--[src_cgi/sharefiles_cgi.c:598]--cmd = count
[2020-08-31 16:42:13]--[src_cgi/sharefiles_cgi.c:73]--select count from user_file_count where user="xxx_share_xxx_file_xxx_list_xxx_count_xxx" 操作失败
[2020-08-31 16:42:13]--[src_cgi/sharefiles_cgi.c:85]--line = 0
[2020-08-31 16:42:14]--[src_cgi/sharefiles_cgi.c:598]--cmd = count
[2020-08-31 16:42:14]--[src_cgi/sharefiles_cgi.c:73]--select count from user_file_count where user="xxx_share_xxx_file_xxx_list_xxx_count_xxx" 操作失败
[2020-08-31 16:42:14]--[src_cgi/sharefiles_cgi.c:85]--line = 0
[2020-08-31 16:42:17]--[src_cgi/sharefiles_cgi.c:598]--cmd = count
[2020-08-31 16:42:17]--[src_cgi/sharefiles_cgi.c:73]--select count from user_file_count where user="xxx_share_xxx_file_xxx_list_xxx_count_xxx" 操作失败
[2020-08-31 16:42:17]--[src_cgi/sharefiles_cgi.c:85]--line = 0
[2020-08-31 16:49:57]--[src_cgi/sharefiles_cgi.c:598]--cmd = count
[2020-08-31 16:49:57]--[src_cgi/sharefiles_cgi.c:73]--select count from user_file_count where user="xxx_share_xxx_file_xxx_list_xxx_count_xxx" 操作失败
[2020-08-31 16:49:57]--[src_cgi/sharefiles_cgi.c:85]--line = 0
[2020-08-31 16:49:58]--[src_cgi/sharefiles_cgi.c:598]--cmd = count
[2020-08-31 16:49:58]--[src_cgi/sharefiles_cgi.c:73]--select count from user_file_count where user="xxx_share_xxx_file_xxx_list_xxx_count_xxx" 操作失败
[2020-08-31 16:49:58]--[src_cgi/sharefiles_cgi.c:85]--line = 0
[2020-08-31 17:03:59]--[src_cgi/sharefiles_cgi.c:598]--cmd = count
[2020-08-31 17:03:59]--[src_cgi/sharefiles_cgi.c:73]--select count from user_file_count where user="xxx_share_xxx_file_xxx_list_xxx_count_xxx" 操作失败
[2020-08-31 17:03:59]--[src_cgi/sharefiles_cgi.c:85]--line = 0
[2020-08-31 17:03:59]--[src_cgi/sharefiles_cgi.c:598]--cmd = count
[2020-08-31 17:03:59]--[src_cgi/sharefiles_cgi.c:73]--select count from user_file_count where user="xxx_share_xxx_file_xxx_list_xxx_count_xxx" 操作失败
[2020-08-31 17:03:59]--[src_cgi/sharefiles_cgi.c:85]--line = 0
[2020-08-31 17:11:55]--[src_cgi/sharefiles_cgi.c:598]--cmd = count
[2020-08-31 17:11:55]--[src_cgi/sharefiles_cgi.c:73]--select count from user_file_count where user="xxx_share_xxx_file_xxx_list_xxx_count_xxx" 操作失败
[2020-08-31 17:11:55]--[src_cgi/sharefiles_cgi.c:85]--line = 0
[2020-08-31 17:11:55]--[src_cgi/sharefiles_cgi.c:598]--cmd = count
[2020-08-31 17:11:55]--[src_cgi/sharefiles_cgi.c:73]--select count from user_file_count where user="xxx_share_xxx_file_xxx_list_xxx_count_xxx" 操作失败
[2020-08-31 17:11:55]--[src_cgi/sharefiles_cgi.c:85]--line = 0
[2020-08-31 17:12:10]--[src_cgi/sharefiles_cgi.c:598]--cmd = count
[2020-08-31 17:12:10]--[src_cgi/sharefiles_cgi.c:73]--select count from user_file_count where user="xxx_share_xxx_file_xxx_list_xxx_count_xxx" 操作失败
[2020-08-31 17:12:10]--[src_cgi/sharefiles_cgi.c:85]--line = 0
[2020-08-31 17:12:12]--[src_cgi/sharefiles_cgi.c:598]--cmd = count
[2020-08-31 17:12:12]--[src_cgi/sharefiles_cgi.c:73]--select count from user_file_count where user="xxx_share_xxx_file_xxx_list_xxx_count_xxx" 操作失败
[2020-08-31 17:12:12]--[src_cgi/sharefiles_cgi.c:85]--line = 0
[2020-08-31 17:12:16]--[src_cgi/sharefiles_cgi.c:598]--cmd = count
[2020-08-31 17:12:16]--[src_cgi/sharefiles_cgi.c:73]--select count from user_file_count where user="xxx_share_xxx_file_xxx_list_xxx_count_xxx" 操作失败
[2020-08-31 17:12:16]--[src_cgi/sharefiles_cgi.c:85]--line = 0
[2020-08-31 17:12:19]--[src_cgi/sharefiles_cgi.c:598]--cmd = count
[2020-08-31 17:12:19]--[src_cgi/sharefiles_cgi.c:73]--select count from user_file_count where user="xxx_share_xxx_file_xxx_list_xxx_count_xxx" 操作失败
[2020-08-31 17:12:19]--[src_cgi/sharefiles_cgi.c:85]--line = 0
[2020-08-31 17:12:26]--[src_cgi/sharefiles_cgi.c:598]--cmd = count
[2020-08-31 17:12:26]--[src_cgi/sharefiles_cgi.c:85]--line = 1
[2020-08-31 17:12:26]--[src_cgi/sharefiles_cgi.c:598]--cmd = normal
[2020-08-31 17:12:26]--[src_cgi/sharefiles_cgi.c:636]--buf = {
    "count": 1,
    "start": 0
}

[2020-08-31 17:12:26]--[src_cgi/sharefiles_cgi.c:645]--start = 0, count = 1
[2020-08-31 17:12:26]--[src_cgi/sharefiles_cgi.c:172]--select share_file_list.*, file_info.url, file_info.size, file_info.type from file_info, share_file_list where file_info.md5 = share_file_list.md5 limit 0, 1 在操作
[2020-08-31 17:12:26]--[src_cgi/sharefiles_cgi.c:292]--{
	"files":	[{
			"user":	"ccy",
			"md5":	"d06ca606531dd369b2d9ffb838ee1613",
			"time":	"2020-08-31 17:12:21",
			"filename":	"0d338744ebf81a4c6313c116d52a6059242da6cf.jpg",
			"share_status":	1,
			"pv":	0,
			"url":	"http://192.168.29.139:8080/group1/M00/00/00/wKgdi19MvruAbl14AAMZrkyWeyY168.jpg",
			"size":	203182,
			"type":	"jpg"
		}]
}
[2020-08-31 17:12:27]--[src_cgi/sharefiles_cgi.c:598]--cmd = count
[2020-08-31 17:12:27]--[src_cgi/sharefiles_cgi.c:85]--line = 1
[2020-08-31 17:12:27]--[src_cgi/sharefiles_cgi.c:598]--cmd = pvdesc
[2020-08-31 17:12:27]--[src_cgi/sharefiles_cgi.c:636]--buf = {
    "count": 1,
    "start": 0
}

[2020-08-31 17:12:27]--[src_cgi/sharefiles_cgi.c:645]--start = 0, count = 1
[2020-08-31 17:12:27]--[src_cgi/sharefiles_cgi.c:399]--sql_num = 1, redis_num = 4
[2020-08-31 17:12:27]--[src_cgi/sharefiles_cgi.c:413]--select md5, filename, pv from share_file_list order by pv desc 在操作
[2020-08-31 17:12:27]--[src_cgi/sharefiles_cgi.c:529]--{
	"files":	[{
			"filename":	"0d338744ebf81a4c6313c116d52a6059242da6cf.jpg",
			"pv":	0
		}]
}
[2020-08-31 17:12:36]--[src_cgi/sharefiles_cgi.c:598]--cmd = count
[2020-08-31 17:12:36]--[src_cgi/sharefiles_cgi.c:85]--line = 1
[2020-08-31 17:12:36]--[src_cgi/sharefiles_cgi.c:598]--cmd = normal
[2020-08-31 17:12:36]--[src_cgi/sharefiles_cgi.c:636]--buf = {
    "count": 1,
    "start": 0
}

[2020-08-31 17:12:36]--[src_cgi/sharefiles_cgi.c:645]--start = 0, count = 1
[2020-08-31 17:12:36]--[src_cgi/sharefiles_cgi.c:172]--select share_file_list.*, file_info.url, file_info.size, file_info.type from file_info, share_file_list where file_info.md5 = share_file_list.md5 limit 0, 1 在操作
[2020-08-31 17:12:36]--[src_cgi/sharefiles_cgi.c:292]--{
	"files":	[{
			"user":	"ccy",
			"md5":	"d06ca606531dd369b2d9ffb838ee1613",
			"time":	"2020-08-31 17:12:21",
			"filename":	"0d338744ebf81a4c6313c116d52a6059242da6cf.jpg",
			"share_status":	1,
			"pv":	0,
			"url":	"http://192.168.29.139:8080/group1/M00/00/00/wKgdi19MvruAbl14AAMZrkyWeyY168.jpg",
			"size":	203182,
			"type":	"jpg"
		}]
}
[2020-08-31 17:12:44]--[src_cgi/sharefiles_cgi.c:598]--cmd = count
[2020-08-31 17:12:44]--[src_cgi/sharefiles_cgi.c:85]--line = 1
[2020-08-31 17:12:44]--[src_cgi/sharefiles_cgi.c:598]--cmd = normal
[2020-08-31 17:12:44]--[src_cgi/sharefiles_cgi.c:636]--buf = {
    "count": 1,
    "start": 0
}

[2020-08-31 17:12:44]--[src_cgi/sharefiles_cgi.c:645]--start = 0, count = 1
[2020-08-31 17:12:44]--[src_cgi/sharefiles_cgi.c:172]--select share_file_list.*, file_info.url, file_info.size, file_info.type from file_info, share_file_list where file_info.md5 = share_file_list.md5 limit 0, 1 在操作
[2020-08-31 17:12:44]--[src_cgi/sharefiles_cgi.c:292]--{
	"files":	[{
			"user":	"ccy",
			"md5":	"d06ca606531dd369b2d9ffb838ee1613",
			"time":	"2020-08-31 17:12:21",
			"filename":	"0d338744ebf81a4c6313c116d52a6059242da6cf.jpg",
			"share_status":	1,
			"pv":	0,
			"url":	"http://192.168.29.139:8080/group1/M00/00/00/wKgdi19MvruAbl14AAMZrkyWeyY168.jpg",
			"size":	203182,
			"type":	"jpg"
		}]
}
[2020-08-31 17:12:45]--[src_cgi/sharefiles_cgi.c:598]--cmd = count
[2020-08-31 17:12:45]--[src_cgi/sharefiles_cgi.c:85]--line = 1
[2020-08-31 17:12:45]--[src_cgi/sharefiles_cgi.c:598]--cmd = pvdesc
[2020-08-31 17:12:45]--[src_cgi/sharefiles_cgi.c:636]--buf = {
    "count": 1,
    "start": 0
}

[2020-08-31 17:12:45]--[src_cgi/sharefiles_cgi.c:645]--start = 0, count = 1
[2020-08-31 17:12:45]--[src_cgi/sharefiles_cgi.c:399]--sql_num = 1, redis_num = 1
[2020-08-31 17:12:45]--[src_cgi/sharefiles_cgi.c:529]--{
	"files":	[{
			"filename":	"0d338744ebf81a4c6313c116d52a6059242da6cf.jpg",
			"pv":	0
		}]
}
[2020-08-31 17:12:47]--[src_cgi/sharefiles_cgi.c:598]--cmd = count
[2020-08-31 17:12:47]--[src_cgi/sharefiles_cgi.c:85]--line = 1
[2020-08-31 17:12:47]--[src_cgi/sharefiles_cgi.c:598]--cmd = normal
[2020-08-31 17:12:47]--[src_cgi/sharefiles_cgi.c:636]--buf = {
    "count": 1,
    "start": 0
}

[2020-08-31 17:12:47]--[src_cgi/sharefiles_cgi.c:645]--start = 0, count = 1
[2020-08-31 17:12:47]--[src_cgi/sharefiles_cgi.c:172]--select share_file_list.*, file_info.url, file_info.size, file_info.type from file_info, share_file_list where file_info.md5 = share_file_list.md5 limit 0, 1 在操作
[2020-08-31 17:12:47]--[src_cgi/sharefiles_cgi.c:292]--{
	"files":	[{
			"user":	"ccy",
			"md5":	"d06ca606531dd369b2d9ffb838ee1613",
			"time":	"2020-08-31 17:12:21",
			"filename":	"0d338744ebf81a4c6313c116d52a6059242da6cf.jpg",
			"share_status":	1,
			"pv":	0,
			"url":	"http://192.168.29.139:8080/group1/M00/00/00/wKgdi19MvruAbl14AAMZrkyWeyY168.jpg",
			"size":	203182,
			"type":	"jpg"
		}]
}
[2020-08-31 17:33:15]--[src_cgi/sharefiles_cgi.c:598]--cmd = count
[2020-08-31 17:33:15]--[src_cgi/sharefiles_cgi.c:85]--line = 1
[2020-08-31 17:33:15]--[src_cgi/sharefiles_cgi.c:598]--cmd = normal
[2020-08-31 17:33:15]--[src_cgi/sharefiles_cgi.c:636]--buf = {
    "count": 1,
    "start": 0
}

[2020-08-31 17:33:15]--[src_cgi/sharefiles_cgi.c:645]--start = 0, count = 1
[2020-08-31 17:33:15]--[src_cgi/sharefiles_cgi.c:172]--select share_file_list.*, file_info.url, file_info.size, file_info.type from file_info, share_file_list where file_info.md5 = share_file_list.md5 limit 0, 1 在操作
[2020-08-31 17:33:15]--[src_cgi/sharefiles_cgi.c:292]--{
	"files":	[{
			"user":	"ccy",
			"md5":	"d06ca606531dd369b2d9ffb838ee1613",
			"time":	"2020-08-31 17:12:21",
			"filename":	"0d338744ebf81a4c6313c116d52a6059242da6cf.jpg",
			"share_status":	1,
			"pv":	0,
			"url":	"http://192.168.29.139:8080/group1/M00/00/00/wKgdi19MvruAbl14AAMZrkyWeyY168.jpg",
			"size":	203182,
			"type":	"jpg"
		}]
}
[2020-08-31 17:33:16]--[src_cgi/sharefiles_cgi.c:598]--cmd = count
[2020-08-31 17:33:16]--[src_cgi/sharefiles_cgi.c:85]--line = 1
[2020-08-31 17:33:16]--[src_cgi/sharefiles_cgi.c:598]--cmd = pvdesc
[2020-08-31 17:33:16]--[src_cgi/sharefiles_cgi.c:636]--buf = {
    "count": 1,
    "start": 0
}

[2020-08-31 17:33:16]--[src_cgi/sharefiles_cgi.c:645]--start = 0, count = 1
[2020-08-31 17:33:16]--[src_cgi/sharefiles_cgi.c:399]--sql_num = 1, redis_num = 1
[2020-08-31 17:33:16]--[src_cgi/sharefiles_cgi.c:529]--{
	"files":	[{
			"filename":	"0d338744ebf81a4c6313c116d52a6059242da6cf.jpg",
			"pv":	0
		}]
}
[2020-08-31 17:42:46]--[src_cgi/sharefiles_cgi.c:598]--cmd = count
[2020-08-31 17:42:46]--[src_cgi/sharefiles_cgi.c:85]--line = 1
[2020-08-31 17:42:46]--[src_cgi/sharefiles_cgi.c:598]--cmd = normal
[2020-08-31 17:42:46]--[src_cgi/sharefiles_cgi.c:636]--buf = {
    "count": 1,
    "start": 0
}

[2020-08-31 17:42:46]--[src_cgi/sharefiles_cgi.c:645]--start = 0, count = 1
[2020-08-31 17:42:46]--[src_cgi/sharefiles_cgi.c:172]--select share_file_list.*, file_info.url, file_info.size, file_info.type from file_info, share_file_list where file_info.md5 = share_file_list.md5 limit 0, 1 在操作
[2020-08-31 17:42:46]--[src_cgi/sharefiles_cgi.c:292]--{
	"files":	[{
			"user":	"ccy",
			"md5":	"d06ca606531dd369b2d9ffb838ee1613",
			"time":	"2020-08-31 17:12:21",
			"filename":	"0d338744ebf81a4c6313c116d52a6059242da6cf.jpg",
			"share_status":	1,
			"pv":	0,
			"url":	"http://192.168.29.139:8080/group1/M00/00/00/wKgdi19MvruAbl14AAMZrkyWeyY168.jpg",
			"size":	203182,
			"type":	"jpg"
		}]
}
[2020-08-31 17:42:47]--[src_cgi/sharefiles_cgi.c:598]--cmd = count
[2020-08-31 17:42:47]--[src_cgi/sharefiles_cgi.c:85]--line = 1
[2020-08-31 17:42:47]--[src_cgi/sharefiles_cgi.c:598]--cmd = normal
[2020-08-31 17:42:47]--[src_cgi/sharefiles_cgi.c:636]--buf = {
    "count": 1,
    "start": 0
}

[2020-08-31 17:42:47]--[src_cgi/sharefiles_cgi.c:645]--start = 0, count = 1
[2020-08-31 17:42:47]--[src_cgi/sharefiles_cgi.c:172]--select share_file_list.*, file_info.url, file_info.size, file_info.type from file_info, share_file_list where file_info.md5 = share_file_list.md5 limit 0, 1 在操作
[2020-08-31 17:42:47]--[src_cgi/sharefiles_cgi.c:292]--{
	"files":	[{
			"user":	"ccy",
			"md5":	"d06ca606531dd369b2d9ffb838ee1613",
			"time":	"2020-08-31 17:12:21",
			"filename":	"0d338744ebf81a4c6313c116d52a6059242da6cf.jpg",
			"share_status":	1,
			"pv":	0,
			"url":	"http://192.168.29.139:8080/group1/M00/00/00/wKgdi19MvruAbl14AAMZrkyWeyY168.jpg",
			"size":	203182,
			"type":	"jpg"
		}]
}
